{
  "stats": {
    "suites": 1,
    "tests": 1,
    "passes": 1,
    "pending": 0,
    "failures": 0,
    "start": "2024-07-15T17:40:03.856Z",
    "end": "2024-07-15T17:40:09.122Z",
    "duration": 5266,
    "testsRegistered": 1,
    "passPercent": 100,
    "pendingPercent": 0,
    "other": 0,
    "hasOther": false,
    "skipped": 0,
    "hasSkipped": false
  },
  "results": [
    {
      "uuid": "218574a9-d92b-49ee-b0a9-c7b52323e40a",
      "title": "",
      "fullFile": "cypress/integration/login-Test.spec.js",
      "file": "cypress/integration/login-Test.spec.js",
      "beforeHooks": [],
      "afterHooks": [],
      "tests": [],
      "suites": [
        {
          "uuid": "cbc17ec8-cee8-4120-a061-39c8b6b63eb6",
          "title": "Log in test.",
          "fullFile": "",
          "file": "",
          "beforeHooks": [],
          "afterHooks": [],
          "tests": [
            {
              "title": "Log in and assert if you are on the main page.",
              "fullTitle": "Log in test. Log in and assert if you are on the main page.",
              "timedOut": null,
              "duration": 4725,
              "state": "passed",
              "speed": "fast",
              "pass": true,
              "fail": false,
              "pending": false,
              "context": null,
              "code": "//navigate to the \"https://www.saucedemo.com/v1/\"\ncy.visit(\"/\"); //assert if the bot image and \"swag labs\" logo are visible:\n_loginPage.default.botImage.should(\"be.visible\");\n_loginPage.default.swagLabsLogo.should(\"be.visible\"); //input credentials and log in:\n\n_loginPage.default.inputUsername.click();\n_loginPage.default.inputUsername.type(\"standard_user\");\n_loginPage.default.inputPassword.click();\n_loginPage.default.inputPassword.type(\"secret_sauce\");\n_loginPage.default.btnLogin.click(); //assert if you are on the main page:\n\n_mainPage.default.redRobot.should(\"be.visible\"); //negative assert if login button is visible:\n\n_loginPage.default.btnLogin.should(\"not.exist\");",
              "err": {},
              "uuid": "f217ec69-935a-4fca-b7eb-40cce0edd0c7",
              "parentUUID": "cbc17ec8-cee8-4120-a061-39c8b6b63eb6",
              "isHook": false,
              "skipped": false
            }
          ],
          "suites": [],
          "passes": [
            "f217ec69-935a-4fca-b7eb-40cce0edd0c7"
          ],
          "failures": [],
          "pending": [],
          "skipped": [],
          "duration": 4725,
          "root": false,
          "rootEmpty": false,
          "_timeout": 2000
        }
      ],
      "passes": [],
      "failures": [],
      "pending": [],
      "skipped": [],
      "duration": 0,
      "root": true,
      "rootEmpty": true,
      "_timeout": 2000
    }
  ],
  "meta": {
    "mocha": {
      "version": "7.0.1"
    },
    "mochawesome": {
      "options": {
        "quiet": false,
        "reportFilename": "mochawesome",
        "saveHtml": false,
        "saveJson": true,
        "consoleReporter": "spec",
        "useInlineDiffs": false,
        "code": true
      },
      "version": "7.1.3"
    },
    "marge": {
      "options": {
        "reportDir": "cypress/results/json/.jsons",
        "charts": true,
        "overwrite": false,
        "html": false,
        "json": true,
        "reportPageTitle": "mochawesome report title",
        "report:merge": "mochawesome-merge --reportDir cypress/reports/mochawesome-report > cypress/results/mochawesome-bundle.json",
        "report:generate": "marge cypress/results/mochawesome-bundle.json -o cypress/reports/html"
      },
      "version": "6.2.0"
    }
  }
}