{
  "stats": {
    "suites": 1,
    "tests": 1,
    "passes": 1,
    "pending": 0,
    "failures": 0,
    "start": "2024-07-15T17:27:37.714Z",
    "end": "2024-07-15T17:27:42.725Z",
    "duration": 5011,
    "testsRegistered": 1,
    "passPercent": 100,
    "pendingPercent": 0,
    "other": 0,
    "hasOther": false,
    "skipped": 0,
    "hasSkipped": false
  },
  "results": [
    {
      "uuid": "055e4e39-00c3-4727-8fa5-940ce9a879b4",
      "title": "",
      "fullFile": "cypress/integration/login-Test.spec.js",
      "file": "cypress/integration/login-Test.spec.js",
      "beforeHooks": [],
      "afterHooks": [],
      "tests": [],
      "suites": [
        {
          "uuid": "c7b457f3-bc2e-4c84-94b1-fc7a93d49f3a",
          "title": "Log in test.",
          "fullFile": "",
          "file": "",
          "beforeHooks": [],
          "afterHooks": [],
          "tests": [
            {
              "title": "Log in and assert if you are on the main page.",
              "fullTitle": "Log in test. Log in and assert if you are on the main page.",
              "timedOut": null,
              "duration": 4455,
              "state": "passed",
              "speed": "fast",
              "pass": true,
              "fail": false,
              "pending": false,
              "context": "{\n  \"title\": \"cypress-mochawesome-reporter-videos-passed\",\n  \"value\": \"cypress/integration/login-Test.spec.js\"\n}",
              "code": "//navigate to the \"https://www.saucedemo.com/v1/\"\ncy.visit(\"/\"); //assert if the bot image and \"swag labs\" logo are visible:\n_loginPage.default.botImage.should(\"be.visible\");\n_loginPage.default.swagLabsLogo.should(\"be.visible\"); //input credentials and log in:\n\n_loginPage.default.inputUsername.click();\n_loginPage.default.inputUsername.type(\"standard_user\");\n_loginPage.default.inputPassword.click();\n_loginPage.default.inputPassword.type(\"secret_sauce\");\n_loginPage.default.btnLogin.click(); //assert if you are on the main page:\n\n_mainPage.default.redRobot.should(\"be.visible\"); //negative assert if login button is visible:\n\n_loginPage.default.btnLogin.should(\"not.exist\");",
              "err": {},
              "uuid": "3e41e58c-d3ff-48d9-baca-fd0f1eb30efe",
              "parentUUID": "c7b457f3-bc2e-4c84-94b1-fc7a93d49f3a",
              "isHook": false,
              "skipped": false
            }
          ],
          "suites": [],
          "passes": [
            "3e41e58c-d3ff-48d9-baca-fd0f1eb30efe"
          ],
          "failures": [],
          "pending": [],
          "skipped": [],
          "duration": 4455,
          "root": false,
          "rootEmpty": false,
          "_timeout": 2000
        }
      ],
      "passes": [],
      "failures": [],
      "pending": [],
      "skipped": [],
      "duration": 0,
      "root": true,
      "rootEmpty": true,
      "_timeout": 2000
    }
  ],
  "meta": {
    "mocha": {
      "version": "7.0.1"
    },
    "mochawesome": {
      "options": {
        "quiet": false,
        "reportFilename": "mochawesome",
        "saveHtml": false,
        "saveJson": true,
        "consoleReporter": "spec",
        "useInlineDiffs": false,
        "code": true
      },
      "version": "7.1.3"
    },
    "marge": {
      "options": {
        "reportDir": "cypress/results/json/.jsons",
        "charts": true,
        "overwrite": false,
        "html": false,
        "json": true,
        "reportPageTitle": "mochawesome report title",
        "report:merge": "mochawesome-merge --reportDir cypress/results/json > cypress/results/mochawesome-bundle.json",
        "report:generate": "marge cypress/results/mochawesome-bundle.json -o cypress/reports/html"
      },
      "version": "6.2.0"
    }
  }
}