{
  "stats": {
    "suites": 1,
    "tests": 1,
    "passes": 1,
    "pending": 0,
    "failures": 0,
    "start": "2024-07-15T17:39:55.232Z",
    "end": "2024-07-15T17:39:58.419Z",
    "duration": 3187,
    "testsRegistered": 1,
    "passPercent": 100,
    "pendingPercent": 0,
    "other": 0,
    "hasOther": false,
    "skipped": 0,
    "hasSkipped": false
  },
  "results": [
    {
      "uuid": "c6af08f0-3b1e-4ed2-b036-754e45150bb3",
      "title": "",
      "fullFile": "cypress/integration/first-Test.spec.js",
      "file": "cypress/integration/first-Test.spec.js",
      "beforeHooks": [],
      "afterHooks": [],
      "tests": [],
      "suites": [
        {
          "uuid": "d3a2f975-d674-4ddb-8179-386644418015",
          "title": "Very first test",
          "fullFile": "",
          "file": "",
          "beforeHooks": [],
          "afterHooks": [],
          "tests": [
            {
              "title": "Simply test: Open page and assert if the bot is visible",
              "fullTitle": "Very first test Simply test: Open page and assert if the bot is visible",
              "timedOut": null,
              "duration": 2358,
              "state": "passed",
              "speed": "fast",
              "pass": true,
              "fail": false,
              "pending": false,
              "context": null,
              "code": "//navigate to the \"https://www.saucedemo.com/v1/\"\ncy.visit(\"/\"); //assert if the bot image and \"swag labs\" logo are visible:\n_loginPage.default.botImage.should(\"be.visible\");\n_loginPage.default.swagLabsLogo.should(\"be.visible\");",
              "err": {},
              "uuid": "02f768fd-387a-470c-a623-64d7046e27e0",
              "parentUUID": "d3a2f975-d674-4ddb-8179-386644418015",
              "isHook": false,
              "skipped": false
            }
          ],
          "suites": [],
          "passes": [
            "02f768fd-387a-470c-a623-64d7046e27e0"
          ],
          "failures": [],
          "pending": [],
          "skipped": [],
          "duration": 2358,
          "root": false,
          "rootEmpty": false,
          "_timeout": 2000
        }
      ],
      "passes": [],
      "failures": [],
      "pending": [],
      "skipped": [],
      "duration": 0,
      "root": true,
      "rootEmpty": true,
      "_timeout": 2000
    }
  ],
  "meta": {
    "mocha": {
      "version": "7.0.1"
    },
    "mochawesome": {
      "options": {
        "quiet": false,
        "reportFilename": "mochawesome",
        "saveHtml": false,
        "saveJson": true,
        "consoleReporter": "spec",
        "useInlineDiffs": false,
        "code": true
      },
      "version": "7.1.3"
    },
    "marge": {
      "options": {
        "reportDir": "cypress/results/json/.jsons",
        "charts": true,
        "overwrite": false,
        "html": false,
        "json": true,
        "reportPageTitle": "mochawesome report title",
        "report:merge": "mochawesome-merge --reportDir cypress/reports/mochawesome-report > cypress/results/mochawesome-bundle.json",
        "report:generate": "marge cypress/results/mochawesome-bundle.json -o cypress/reports/html"
      },
      "version": "6.2.0"
    }
  }
}