{
  "stats": {
    "suites": 1,
    "tests": 1,
    "passes": 1,
    "pending": 0,
    "failures": 0,
    "start": "2024-07-15T08:04:50.303Z",
    "end": "2024-07-15T08:04:55.546Z",
    "duration": 5243,
    "testsRegistered": 1,
    "passPercent": 100,
    "pendingPercent": 0,
    "other": 0,
    "hasOther": false,
    "skipped": 0,
    "hasSkipped": false
  },
  "results": [
    {
      "uuid": "790b3c5d-4b08-408f-bf1c-92a72383c6b2",
      "title": "",
      "fullFile": "cypress/integration/login-Test.spec.js",
      "file": "cypress/integration/login-Test.spec.js",
      "beforeHooks": [],
      "afterHooks": [],
      "tests": [],
      "suites": [
        {
          "uuid": "76d0d7ab-f4dc-40de-9e27-bbfaabbb4f88",
          "title": "Log in test.",
          "fullFile": "",
          "file": "",
          "beforeHooks": [],
          "afterHooks": [],
          "tests": [
            {
              "title": "Log in and assert if you are on the main page.",
              "fullTitle": "Log in test. Log in and assert if you are on the main page.",
              "timedOut": null,
              "duration": 4680,
              "state": "passed",
              "speed": "fast",
              "pass": true,
              "fail": false,
              "pending": false,
              "context": null,
              "code": "//navigate to the \"https://www.saucedemo.com/v1/\"\ncy.visit(\"/\"); //assert if the bot image and \"swag labs\" logo are visible:\n_loginPage.default.botImage.should(\"be.visible\");\n_loginPage.default.swagLabsLogo.should(\"be.visible\"); //input credentials and log in:\n\n_loginPage.default.inputUsername.click();\n_loginPage.default.inputUsername.type(\"standard_user\");\n_loginPage.default.inputPassword.click();\n_loginPage.default.inputPassword.type(\"secret_sauce\");\n_loginPage.default.btnLogin.click(); //assert if you are on the main page:\n\n_mainPage.default.redRobot.should(\"be.visible\"); //negative assert if login button is visible:\n\n_loginPage.default.btnLogin.should(\"not.exist\");",
              "err": {},
              "uuid": "f61ddbfa-771c-409f-938b-52fcf163e325",
              "parentUUID": "76d0d7ab-f4dc-40de-9e27-bbfaabbb4f88",
              "isHook": false,
              "skipped": false
            }
          ],
          "suites": [],
          "passes": [
            "f61ddbfa-771c-409f-938b-52fcf163e325"
          ],
          "failures": [],
          "pending": [],
          "skipped": [],
          "duration": 4680,
          "root": false,
          "rootEmpty": false,
          "_timeout": 2000
        }
      ],
      "passes": [],
      "failures": [],
      "pending": [],
      "skipped": [],
      "duration": 0,
      "root": true,
      "rootEmpty": true,
      "_timeout": 2000
    }
  ],
  "meta": {
    "mocha": {
      "version": "7.0.1"
    },
    "mochawesome": {
      "options": {
        "quiet": false,
        "reportFilename": "mochawesome",
        "saveHtml": true,
        "saveJson": true,
        "consoleReporter": "spec",
        "useInlineDiffs": false,
        "code": true
      },
      "version": "7.1.3"
    },
    "marge": {
      "options": {
        "reportDir": "cypress/results",
        "overwrite": false,
        "html": true,
        "json": true
      },
      "version": "6.2.0"
    }
  }
}