{
  "stats": {
    "suites": 1,
    "tests": 1,
    "passes": 1,
    "pending": 0,
    "failures": 0,
    "start": "2024-07-15T08:04:42.084Z",
    "end": "2024-07-15T08:04:45.155Z",
    "duration": 3071,
    "testsRegistered": 1,
    "passPercent": 100,
    "pendingPercent": 0,
    "other": 0,
    "hasOther": false,
    "skipped": 0,
    "hasSkipped": false
  },
  "results": [
    {
      "uuid": "ddcd9f3e-a9db-4f32-be8a-db8d7c0b0a8a",
      "title": "",
      "fullFile": "cypress/integration/first-Test.spec.js",
      "file": "cypress/integration/first-Test.spec.js",
      "beforeHooks": [],
      "afterHooks": [],
      "tests": [],
      "suites": [
        {
          "uuid": "bd124754-b0b1-4525-a5c8-6759839afa19",
          "title": "Very first test",
          "fullFile": "",
          "file": "",
          "beforeHooks": [],
          "afterHooks": [],
          "tests": [
            {
              "title": "Simply test: Open page and assert if the bot is visible",
              "fullTitle": "Very first test Simply test: Open page and assert if the bot is visible",
              "timedOut": null,
              "duration": 2488,
              "state": "passed",
              "speed": "fast",
              "pass": true,
              "fail": false,
              "pending": false,
              "context": null,
              "code": "//navigate to the \"https://www.saucedemo.com/v1/\"\ncy.visit(\"/\"); //assert if the bot image and \"swag labs\" logo are visible:\n_loginPage.default.botImage.should(\"be.visible\");\n_loginPage.default.swagLabsLogo.should(\"be.visible\");",
              "err": {},
              "uuid": "bb8d6d52-8508-4b8c-bb37-9e3412dd094f",
              "parentUUID": "bd124754-b0b1-4525-a5c8-6759839afa19",
              "isHook": false,
              "skipped": false
            }
          ],
          "suites": [],
          "passes": [
            "bb8d6d52-8508-4b8c-bb37-9e3412dd094f"
          ],
          "failures": [],
          "pending": [],
          "skipped": [],
          "duration": 2488,
          "root": false,
          "rootEmpty": false,
          "_timeout": 2000
        }
      ],
      "passes": [],
      "failures": [],
      "pending": [],
      "skipped": [],
      "duration": 0,
      "root": true,
      "rootEmpty": true,
      "_timeout": 2000
    }
  ],
  "meta": {
    "mocha": {
      "version": "7.0.1"
    },
    "mochawesome": {
      "options": {
        "quiet": false,
        "reportFilename": "mochawesome",
        "saveHtml": true,
        "saveJson": true,
        "consoleReporter": "spec",
        "useInlineDiffs": false,
        "code": true
      },
      "version": "7.1.3"
    },
    "marge": {
      "options": {
        "reportDir": "cypress/results",
        "overwrite": false,
        "html": true,
        "json": true
      },
      "version": "6.2.0"
    }
  }
}